[2 1 1] [ 5 19  4]
Cluster 0:
	Center: 0.0, 0.48148148148148157, 0.6666666666666666
	Max Dist. to Center: 0.6350528962771202
	Min Dist. to Center: 0.0
	Avg Dist. to Center: 0.3688191390227173
	3 Points:
		0.0, 1.0, 0.3333333333333333
		0.0, 0.2222222222222222, 0.6666666666666666
		0.0, 0.2222222222222222, 1.0
Cluster 1:
	Center: 1.0, 0.4876543209876544, 0.0
	Max Dist. to Center: 0.34940670859468903
	Min Dist. to Center: 0.0
	Avg Dist. to Center: 0.11646890286489635
	9 Points:
		1.0, 0.7222222222222222, 0.0
		1.0, 0.6111111111111112, 0.0
		1.0, 0.5555555555555556, 0.0
		1.0, 0.5, 0.0
		1.0, 0.4444444444444444, 0.0
		1.0, 0.4444444444444444, 0.0
		1.0, 0.3888888888888889, 0.0
		1.0, 0.3888888888888889, 0.0
		1.0, 0.3333333333333333, 0.0
Cluster 2:
	Center: 0.0, 0.08333333333333333, 0.16666666666666666
	Max Dist. to Center: 0.408248290463863
	Min Dist. to Center: 0.0
	Avg Dist. to Center: 0.18679781510880308
	6 Points:
		0.0, 0.0, 0.0
		0.0, 0.05555555555555555, 0.3333333333333333
		0.0, 0.05555555555555555, 0.3333333333333333
		0.0, 0.05555555555555555, 0.0
		0.0, 0.16666666666666666, 0.3333333333333333
		0.0, 0.16666666666666666, 0.0
SSE: 0.2537056089010822
Inter Centroid Distance: 0.6516597723339825
SSE / Inter Centroid Distance: 0.38932218877407604
