[2 1 1] [ 5 19  4]
Cluster 0:
	Center: 1.0, 0.4876543209876544, 0.0
	Max Dist. to Center: 0.34940670859468903
	Min Dist. to Center: 0.0
	Avg Dist. to Center: 0.11646890286489635
	9 Points:
		1.0, 0.7222222222222222, 0.0
		1.0, 0.6111111111111112, 0.0
		1.0, 0.5555555555555556, 0.0
		1.0, 0.5, 0.0
		1.0, 0.4444444444444444, 0.0
		1.0, 0.4444444444444444, 0.0
		1.0, 0.3888888888888889, 0.0
		1.0, 0.3888888888888889, 0.0
		1.0, 0.3333333333333333, 0.0
Cluster 1:
	Center: 0.0, 0.07407407407407407, 0.0
	Max Dist. to Center: 0.12001371663718258
	Min Dist. to Center: 0.0
	Avg Dist. to Center: 0.040004572212394195
	3 Points:
		0.0, 0.0, 0.0
		0.0, 0.05555555555555555, 0.0
		0.0, 0.16666666666666666, 0.0
Cluster 2:
	Center: 0.0, 0.0925925925925926, 0.3333333333333333
	Max Dist. to Center: 0.09072184232530289
	Min Dist. to Center: 0.0
	Avg Dist. to Center: 0.0302406141084343
	3 Points:
		0.0, 0.05555555555555555, 0.3333333333333333
		0.0, 0.05555555555555555, 0.3333333333333333
		0.0, 0.16666666666666666, 0.3333333333333333
SSE: 0.021109586953208352
Inter Centroid Distance: 0.5648200902515743
SSE / Inter Centroid Distance: 0.03737400159368626
Outliers: [[0.         1.         0.33333333]
 [0.         0.22222222 0.66666667]
 [0.         0.22222222 1.        ]]
