 python hclustering.py data\iris.csv --t 0.4123105625617661
 
Cluster 0:
	Center: 4.5, 2.3, 1.3, 0.3
	Max Dist. to Center: 0.0
	Min Dist. to Center: 0.0
	Avg Dist. to Center: 0.0
	SSE: 0.0
	1 Points:
		4.5, 2.3, 1.3, 0.3
Cluster 1:
	Center: 4.6, 3.6, 1.0, 0.2
	Max Dist. to Center: 0.0
	Min Dist. to Center: 0.0
	Avg Dist. to Center: 0.0
	SSE: 0.0
	1 Points:
		4.6, 3.6, 1.0, 0.2
Cluster 2:
	Center: 5.0249999999999995, 3.4374999999999996, 1.4770833333333335, 0.24374999999999988
	Max Dist. to Center: 1.186157867280369
	Min Dist. to Center: 0.0668616938995045
	Avg Dist. to Center: 0.46500668589173294
	SSE: 13.245416666666667
	48 Points:
		5.8, 4.0, 1.2, 0.2
		5.7, 4.4, 1.5, 0.4
		5.1, 3.8, 1.9, 0.4
		5.4, 3.9, 1.7, 0.4
		5.7, 3.8, 1.7, 0.3
		5.4, 3.9, 1.3, 0.4
		5.4, 3.4, 1.7, 0.2
		5.4, 3.4, 1.5, 0.4
		5.5, 3.5, 1.3, 0.2
		4.8, 3.4, 1.9, 0.2
		4.3, 3.0, 1.1, 0.1
		5.1, 3.8, 1.6, 0.2
		5.1, 3.8, 1.5, 0.3
		5.1, 3.7, 1.5, 0.4
		4.6, 3.4, 1.4, 0.3
		4.8, 3.4, 1.6, 0.2
		5.0, 3.0, 1.6, 0.2
		4.7, 3.2, 1.3, 0.2
		4.6, 3.1, 1.5, 0.2
		4.6, 3.2, 1.4, 0.2
		4.7, 3.2, 1.6, 0.2
		4.8, 3.1, 1.6, 0.2
		4.9, 3.1, 1.5, 0.1
		4.9, 3.1, 1.5, 0.1
		4.9, 3.1, 1.5, 0.1
		4.8, 3.0, 1.4, 0.1
		4.9, 3.0, 1.4, 0.2
		4.8, 3.0, 1.4, 0.3
		4.4, 3.2, 1.3, 0.2
		4.4, 2.9, 1.4, 0.2
		4.4, 3.0, 1.3, 0.2
		5.0, 3.5, 1.6, 0.6
		5.1, 3.3, 1.7, 0.5
		5.0, 3.4, 1.6, 0.4
		5.4, 3.7, 1.5, 0.2
		5.3, 3.7, 1.5, 0.2
		5.0, 3.2, 1.2, 0.2
		5.2, 3.5, 1.5, 0.2
		5.2, 3.4, 1.4, 0.2
		5.0, 3.6, 1.4, 0.2
		5.0, 3.5, 1.3, 0.3
		5.1, 3.5, 1.4, 0.2
		5.1, 3.5, 1.4, 0.3
		5.0, 3.3, 1.4, 0.2
		5.0, 3.4, 1.5, 0.2
		5.1, 3.4, 1.5, 0.2
		5.2, 4.1, 1.5, 0.1
		5.5, 4.2, 1.4, 0.2
Cluster 3:
	Center: 7.800000000000001, 3.8, 6.550000000000001, 2.1
	Max Dist. to Center: 0.20615528128088315
	Min Dist. to Center: 0.20615528128088292
	Avg Dist. to Center: 0.20615528128088303
	SSE: 0.08500000000000002
	2 Points:
		7.7, 3.8, 6.7, 2.2
		7.9, 3.8, 6.4, 2.0
Cluster 4:
	Center: 4.9, 2.5, 4.5, 1.7
	Max Dist. to Center: 0.0
	Min Dist. to Center: 0.0
	Avg Dist. to Center: 0.0
	SSE: 0.0
	1 Points:
		4.9, 2.5, 4.5, 1.7
Cluster 5:
	Center: 5.0, 2.3, 3.2750000000000004, 1.025
	Max Dist. to Center: 0.37583240945932234
	Min Dist. to Center: 0.03535533905932694
	Avg Dist. to Center: 0.22981149113612945
	SSE: 0.2949999999999998
	4 Points:
		5.1, 2.5, 3.0, 1.1
		5.0, 2.0, 3.5, 1.0
		4.9, 2.4, 3.3, 1.0
		5.0, 2.3, 3.3, 1.0
Cluster 6:
	Center: 7.2, 3.6, 6.1, 2.5
	Max Dist. to Center: 0.0
	Min Dist. to Center: 0.0
	Avg Dist. to Center: 0.0
	SSE: 0.0
	1 Points:
		7.2, 3.6, 6.1, 2.5
Cluster 7:
	Center: 6.7, 2.5, 5.8, 1.8
	Max Dist. to Center: 0.0
	Min Dist. to Center: 0.0
	Avg Dist. to Center: 0.0
	SSE: 0.0
	1 Points:
		6.7, 2.5, 5.8, 1.8
Cluster 8:
	Center: 6.1, 2.6, 5.6, 1.4
	Max Dist. to Center: 0.0
	Min Dist. to Center: 0.0
	Avg Dist. to Center: 0.0
	SSE: 0.0
	1 Points:
		6.1, 2.6, 5.6, 1.4
Cluster 9:
	Center: 7.7, 3.0, 6.1, 2.3
	Max Dist. to Center: 0.0
	Min Dist. to Center: 0.0
	Avg Dist. to Center: 0.0
	SSE: 0.0
	1 Points:
		7.7, 3.0, 6.1, 2.3
Cluster 10:
	Center: 7.666666666666667, 2.7999999999999994, 6.733333333333333, 2.1333333333333333
	Max Dist. to Center: 0.31091263510296013
	Min Dist. to Center: 0.14142135623730942
	Avg Dist. to Center: 0.2346650463942096
	SSE: 0.18000000000000016
	3 Points:
		7.7, 2.6, 6.9, 2.3
		7.6, 3.0, 6.6, 2.1
		7.7, 2.8, 6.7, 2.0
Cluster 11:
	Center: 6.25, 2.25, 4.45, 1.4
	Max Dist. to Center: 0.1322875655532294
	Min Dist. to Center: 0.13228756555322924
	Avg Dist. to Center: 0.13228756555322932
	SSE: 0.034999999999999885
	2 Points:
		6.2, 2.2, 4.5, 1.5
		6.3, 2.3, 4.4, 1.3
Cluster 12:
	Center: 6.0, 2.2, 4.0, 1.0
	Max Dist. to Center: 0.0
	Min Dist. to Center: 0.0
	Avg Dist. to Center: 0.0
	SSE: 0.0
	1 Points:
		6.0, 2.2, 4.0, 1.0
Cluster 13:
	Center: 5.8, 2.8, 5.1, 2.4
	Max Dist. to Center: 0.0
	Min Dist. to Center: 0.0
	Avg Dist. to Center: 0.0
	SSE: 0.0
	1 Points:
		5.8, 2.8, 5.1, 2.4
Cluster 14:
	Center: 7.35, 2.8499999999999996, 6.199999999999999, 1.85
	Max Dist. to Center: 0.13228756555322999
	Min Dist. to Center: 0.1322875655532294
	Avg Dist. to Center: 0.13228756555322968
	SSE: 0.03500000000000009
	2 Points:
		7.3, 2.9, 6.3, 1.8
		7.4, 2.8, 6.1, 1.9
Cluster 15:
	Center: 6.0, 2.2, 5.0, 1.5
	Max Dist. to Center: 0.0
	Min Dist. to Center: 0.0
	Avg Dist. to Center: 0.0
	SSE: 0.0
	1 Points:
		6.0, 2.2, 5.0, 1.5
Cluster 16:
	Center: 6.3, 3.3, 6.0, 2.5
	Max Dist. to Center: 0.0
	Min Dist. to Center: 0.0
	Avg Dist. to Center: 0.0
	SSE: 0.0
	1 Points:
		6.3, 3.3, 6.0, 2.5
Cluster 17:
	Center: 5.6, 2.9, 3.6, 1.3
	Max Dist. to Center: 0.0
	Min Dist. to Center: 0.0
	Avg Dist. to Center: 0.0
	SSE: 0.0
	1 Points:
		5.6, 2.9, 3.6, 1.3
Cluster 18:
	Center: 6.012820512820512, 2.853846153846154, 4.323076923076924, 1.3384615384615381
	Max Dist. to Center: 1.1136443836704508
	Min Dist. to Center: 0.19793476767636287
	Avg Dist. to Center: 0.6109653862905939
	SSE: 16.962051282051284
	39 Points:
		5.2, 2.7, 3.9, 1.4
		6.0, 3.4, 4.5, 1.6
		5.7, 2.6, 3.5, 1.0
		6.1, 2.8, 4.7, 1.2
		6.0, 2.9, 4.5, 1.5
		6.1, 2.9, 4.7, 1.4
		6.1, 3.0, 4.6, 1.4
		5.9, 3.0, 4.2, 1.5
		5.6, 2.5, 3.9, 1.1
		5.5, 2.4, 3.8, 1.1
		5.5, 2.4, 3.7, 1.0
		5.5, 2.3, 4.0, 1.3
		5.5, 2.5, 4.0, 1.3
		5.5, 2.6, 4.4, 1.2
		5.6, 3.0, 4.1, 1.3
		5.6, 2.7, 4.2, 1.3
		5.7, 2.8, 4.1, 1.3
		5.7, 3.0, 4.2, 1.2
		5.7, 2.9, 4.2, 1.3
		5.8, 2.7, 4.1, 1.0
		5.8, 2.7, 3.9, 1.2
		5.8, 2.6, 4.0, 1.2
		5.7, 2.8, 4.5, 1.3
		5.6, 3.0, 4.5, 1.5
		5.4, 3.0, 4.5, 1.5
		6.1, 2.8, 4.0, 1.3
		6.8, 2.8, 4.8, 1.4
		6.7, 3.0, 5.0, 1.7
		6.7, 3.1, 4.7, 1.5
		7.0, 3.2, 4.7, 1.4
		6.9, 3.1, 4.9, 1.5
		6.4, 2.9, 4.3, 1.3
		6.2, 2.9, 4.3, 1.3
		6.5, 2.8, 4.6, 1.5
		6.6, 2.9, 4.6, 1.3
		6.7, 3.1, 4.4, 1.4
		6.6, 3.0, 4.4, 1.4
		6.4, 3.2, 4.5, 1.5
		6.3, 3.3, 4.7, 1.6
Cluster 19:
	Center: 6.410526315789474, 2.971052631578947, 5.328947368421052, 1.9947368421052627
	Max Dist. to Center: 1.0788510868465715
	Min Dist. to Center: 0.15968285743450555
	Avg Dist. to Center: 0.5995820546826649
	SSE: 15.41105263157895
	38 Points:
		5.9, 3.0, 5.1, 1.8
		5.9, 3.2, 4.8, 1.8
		6.1, 3.0, 4.9, 1.8
		6.0, 3.0, 4.8, 1.8
		6.3, 2.5, 5.0, 1.9
		6.3, 2.7, 4.9, 1.8
		6.2, 2.8, 4.8, 1.8
		5.6, 2.8, 4.9, 2.0
		5.7, 2.5, 5.0, 2.0
		5.8, 2.7, 5.1, 1.9
		5.8, 2.7, 5.1, 1.9
		6.3, 2.5, 4.9, 1.5
		6.0, 2.7, 5.1, 1.6
		6.3, 2.8, 5.1, 1.5
		6.4, 3.2, 5.3, 2.3
		6.3, 3.4, 5.6, 2.4
		6.2, 3.4, 5.4, 2.3
		6.8, 3.0, 5.5, 2.1
		6.9, 3.1, 5.4, 2.1
		6.7, 3.3, 5.7, 2.1
		6.9, 3.2, 5.7, 2.3
		6.8, 3.2, 5.9, 2.3
		6.7, 3.1, 5.6, 2.4
		6.7, 3.3, 5.7, 2.5
		6.9, 3.1, 5.1, 2.3
		6.7, 3.0, 5.2, 2.3
		6.3, 2.9, 5.6, 1.8
		6.5, 3.0, 5.5, 1.8
		6.4, 3.1, 5.5, 1.8
		6.5, 3.0, 5.8, 2.2
		6.4, 2.8, 5.6, 2.1
		6.4, 2.8, 5.6, 2.2
		6.4, 2.7, 5.3, 1.9
		6.5, 3.2, 5.1, 2.0
		6.5, 3.0, 5.2, 2.0
		7.1, 3.0, 5.9, 2.1
		7.2, 3.2, 6.0, 1.8
		7.2, 3.0, 5.8, 1.6
Average Cluster Radius: 2.6107610767826728
Inter Centroid Distance: 2.670594086746066
Average Radius / Inter Centroid Distance: 0.9775956180460598
Accuracy: 0.9010000000000001
